#
# There is insufficient memory for the Java Runtime Environment to continue.
# Native memory allocation (malloc) failed to allocate 756816 bytes for Chunk::new
# Possible reasons:
#   The system is out of physical RAM or swap space
#   In 32 bit mode, the process size limit was hit
# Possible solutions:
#   Reduce memory load on the system
#   Increase physical memory or swap space
#   Check if swap backing store is full
#   Use 64 bit Java on a 64 bit OS
#   Decrease Java heap size (-Xmx/-Xms)
#   Decrease number of Java threads
#   Decrease Java thread stack sizes (-Xss)
#   Set larger code cache with -XX:ReservedCodeCacheSize=
# This output file may be truncated or incomplete.
#
#  Out of Memory Error (allocation.cpp:390), pid=17404, tid=17544
#
# JRE version: Java(TM) SE Runtime Environment (8.0_45-b15) (build 1.8.0_45-b15)
# Java VM: Java HotSpot(TM) 64-Bit Server VM (25.45-b02 mixed mode windows-amd64 compressed oops)
# Failed to write core dump. Minidumps are not enabled by default on client versions of Windows
#

---------------  T H R E A D  ---------------

Current thread (0x0000000014dbe800):  JavaThread "C2 CompilerThread1" daemon [_thread_in_native, id=17544, stack(0x0000000016410000,0x0000000016510000)]

Stack: [0x0000000016410000,0x0000000016510000]
Native frames: (J=compiled Java code, j=interpreted, Vv=VM code, C=native code)
V  [jvm.dll+0x32b57a]
V  [jvm.dll+0x279873]
V  [jvm.dll+0x27a509]
V  [jvm.dll+0x271825]
V  [jvm.dll+0xcb9e2]
V  [jvm.dll+0xcbeac]
V  [jvm.dll+0x49298c]
V  [jvm.dll+0x45f8ca]
V  [jvm.dll+0x46a73b]
V  [jvm.dll+0x46cd52]
V  [jvm.dll+0x4500f2]
V  [jvm.dll+0xa4352]
V  [jvm.dll+0xa4c8f]
V  [jvm.dll+0x241984]
V  [jvm.dll+0x29853a]
C  [msvcr100.dll+0x21d9f]
C  [msvcr100.dll+0x21e3b]
C  [KERNEL32.DLL+0x12d92]
C  [ntdll.dll+0x9f64]


Current CompileTask:
C2:3489595 14935       4       com.sun.org.apache.xerces.internal.impl.XMLEntityScanner::load (200 bytes)


---------------  P R O C E S S  ---------------

Java Threads: ( => current thread )
  0x00000000185ae000 JavaThread "Stdin handler" [_thread_blocked, id=22324, stack(0x0000000018d10000,0x0000000018e10000)]
  0x00000000185b5000 JavaThread "Daemon worker Thread 7" [_thread_in_Java, id=11032, stack(0x0000000018b10000,0x0000000018c10000)]
  0x00000000185af800 JavaThread "Cancel handler" [_thread_blocked, id=640, stack(0x0000000000ad0000,0x0000000000bd0000)]
  0x00000000185b1000 JavaThread "Handler for socket connection from /127.0.0.1:60811 to /127.0.0.1:51711" [_thread_in_native, id=16296, stack(0x00000000009d0000,0x0000000000ad0000)]
  0x00000000185b3800 JavaThread "Daemon Thread 7" [_thread_blocked, id=14816, stack(0x00000000007c0000,0x00000000008c0000)]
  0x000000001d971000 JavaThread "pool-2-thread-3" [_thread_blocked, id=16724, stack(0x00000000213d0000,0x00000000214d0000)]
  0x000000001d971800 JavaThread "pool-2-thread-2" [_thread_blocked, id=15244, stack(0x00000000212d0000,0x00000000213d0000)]
  0x000000001d973000 JavaThread "pool-2-thread-4" [_thread_blocked, id=12312, stack(0x00000000211d0000,0x00000000212d0000)]
  0x000000001d970000 JavaThread "pool-2-thread-1" [_thread_blocked, id=14492, stack(0x00000000210d0000,0x00000000211d0000)]
  0x0000000019d1c800 JavaThread "File lock request listener" [_thread_in_native, id=14732, stack(0x000000001a7e0000,0x000000001a8e0000)]
  0x000000001785c000 JavaThread "Incoming local TCP Connector on port 60811" [_thread_in_native, id=17392, stack(0x0000000017410000,0x0000000017510000)]
  0x0000000014e1d800 JavaThread "Service Thread" daemon [_thread_blocked, id=10300, stack(0x0000000016a10000,0x0000000016b10000)]
  0x0000000014dc8800 JavaThread "C1 CompilerThread2" daemon [_thread_blocked, id=15268, stack(0x0000000016510000,0x0000000016610000)]
=>0x0000000014dbe800 JavaThread "C2 CompilerThread1" daemon [_thread_in_native, id=17544, stack(0x0000000016410000,0x0000000016510000)]
  0x0000000014dbc000 JavaThread "C2 CompilerThread0" daemon [_thread_blocked, id=3260, stack(0x0000000016310000,0x0000000016410000)]
  0x0000000014dba800 JavaThread "Attach Listener" daemon [_thread_blocked, id=14008, stack(0x0000000016210000,0x0000000016310000)]
  0x0000000014db9800 JavaThread "Signal Dispatcher" daemon [_thread_blocked, id=22300, stack(0x0000000016110000,0x0000000016210000)]
  0x00000000026e9000 JavaThread "Finalizer" daemon [_thread_blocked, id=16380, stack(0x0000000016010000,0x0000000016110000)]
  0x00000000026e0000 JavaThread "Reference Handler" daemon [_thread_blocked, id=21992, stack(0x0000000015f10000,0x0000000016010000)]
  0x00000000025ee800 JavaThread "main" [_thread_blocked, id=19672, stack(0x00000000024b0000,0x00000000025b0000)]

Other Threads:
  0x0000000014d87000 VMThread [stack: 0x0000000015e10000,0x0000000015f10000] [id=6240]
  0x000000001663c800 WatcherThread [stack: 0x0000000016b10000,0x0000000016c10000] [id=6908]

VM state:not at safepoint (normal execution)

VM Mutex/Monitor currently owned by a thread: None

Heap:
 PSYoungGen      total 323584K, used 41037K [0x00000000eab00000, 0x0000000100000000, 0x0000000100000000)
  eden space 301568K, 13% used [0x00000000eab00000,0x00000000ed313740,0x00000000fd180000)
  from space 22016K, 0% used [0x00000000fd180000,0x00000000fd180000,0x00000000fe700000)
  to   space 21504K, 0% used [0x00000000feb00000,0x00000000feb00000,0x0000000100000000)
 ParOldGen       total 84992K, used 34617K [0x00000000c0000000, 0x00000000c5300000, 0x00000000eab00000)
  object space 84992K, 40% used [0x00000000c0000000,0x00000000c21ce5b0,0x00000000c5300000)
 Metaspace       used 60897K, capacity 63100K, committed 63616K, reserved 1103872K
  class space    used 7835K, capacity 8164K, committed 8320K, reserved 1048576K

Card table byte_map: [0x0000000011ab0000,0x0000000011cc0000] byte_map_base: 0x00000000114b0000

Marking Bits: (ParMarkBitMap*) 0x0000000070494040
 Begin Bits: [0x0000000012220000, 0x0000000013220000)
 End Bits:   [0x0000000013220000, 0x0000000014220000)

Polling page: 0x0000000000ca0000

CodeCache: size=245760Kb used=42819Kb max_used=42839Kb free=202940Kb
 bounds [0x00000000026f0000, 0x0000000005120000, 0x00000000116f0000]
 total_blobs=12390 nmethods=11663 adapters=637
 compilation: enabled

Compilation events (10 events):
Event: 3488.232 Thread 0x0000000014dc8800 nmethod 14930% 0x00000000030f3190 code [0x00000000030f3420, 0x00000000030f4578]
Event: 3488.232 Thread 0x0000000014dbe800 14931       4       org.gradle.api.internal.artifacts.DefaultModuleVersionIdentifier::<init> (83 bytes)
Event: 3488.233 Thread 0x0000000014dbe800 nmethod 14931 0x000000000446fed0 code [0x0000000004470020, 0x0000000004470138]
Event: 3488.276 Thread 0x0000000014dbc000 14932       4       com.sun.org.apache.xerces.internal.utils.XMLLimitAnalyzer::<init> (47 bytes)
Event: 3488.280 Thread 0x0000000014dbc000 nmethod 14932 0x0000000003d04310 code [0x0000000003d044a0, 0x0000000003d04a18]
Event: 3488.292 Thread 0x0000000014dbe800 14933       4       java.io.FilterInputStream::close (8 bytes)
Event: 3488.292 Thread 0x0000000014dbe800 nmethod 14933 0x00000000033ec5d0 code [0x00000000033ec700, 0x00000000033ec778]
Event: 3488.354 Thread 0x0000000014dbc000 14934   !   4       com.sun.org.apache.xerces.internal.impl.XMLDocumentScannerImpl$PrologDriver::next (1098 bytes)
Event: 3488.425 Thread 0x0000000014dbc000 nmethod 14934 0x00000000039520d0 code [0x0000000003952560, 0x0000000003954950]
Event: 3488.593 Thread 0x0000000014dbe800 14935       4       com.sun.org.apache.xerces.internal.impl.XMLEntityScanner::load (200 bytes)

GC Heap History (10 events):
Event: 3285.442 GC heap before
{Heap before GC invocations=26 (full 7):
 PSYoungGen      total 324096K, used 139783K [0x00000000eab00000, 0x00000000fff00000, 0x0000000100000000)
  eden space 301056K, 42% used [0x00000000eab00000,0x00000000f29034f0,0x00000000fd100000)
  from space 23040K, 46% used [0x00000000fe880000,0x00000000ff2fe9b8,0x00000000fff00000)
  to   space 23552K, 0% used [0x00000000fd100000,0x00000000fd100000,0x00000000fe800000)
 ParOldGen       total 84992K, used 30007K [0x00000000c0000000, 0x00000000c5300000, 0x00000000eab00000)
  object space 84992K, 35% used [0x00000000c0000000,0x00000000c1d4df40,0x00000000c5300000)
 Metaspace       used 59816K, capacity 61464K, committed 62208K, reserved 1103872K
  class space    used 7718K, capacity 7940K, committed 8192K, reserved 1048576K
Event: 3285.491 GC heap after
Heap after GC invocations=26 (full 7):
 PSYoungGen      total 306176K, used 4680K [0x00000000eab00000, 0x00000000ffd00000, 0x0000000100000000)
  eden space 301056K, 0% used [0x00000000eab00000,0x00000000eab00000,0x00000000fd100000)
  from space 5120K, 91% used [0x00000000fd100000,0x00000000fd592118,0x00000000fd600000)
  to   space 22528K, 0% used [0x00000000fe700000,0x00000000fe700000,0x00000000ffd00000)
 ParOldGen       total 84992K, used 39280K [0x00000000c0000000, 0x00000000c5300000, 0x00000000eab00000)
  object space 84992K, 46% used [0x00000000c0000000,0x00000000c265c070,0x00000000c5300000)
 Metaspace       used 59816K, capacity 61464K, committed 62208K, reserved 1103872K
  class space    used 7718K, capacity 7940K, committed 8192K, reserved 1048576K
}
Event: 3285.491 GC heap before
{Heap before GC invocations=27 (full 8):
 PSYoungGen      total 306176K, used 4680K [0x00000000eab00000, 0x00000000ffd00000, 0x0000000100000000)
  eden space 301056K, 0% used [0x00000000eab00000,0x00000000eab00000,0x00000000fd100000)
  from space 5120K, 91% used [0x00000000fd100000,0x00000000fd592118,0x00000000fd600000)
  to   space 22528K, 0% used [0x00000000fe700000,0x00000000fe700000,0x00000000ffd00000)
 ParOldGen       total 84992K, used 39280K [0x00000000c0000000, 0x00000000c5300000, 0x00000000eab00000)
  object space 84992K, 46% used [0x00000000c0000000,0x00000000c265c070,0x00000000c5300000)
 Metaspace       used 59816K, capacity 61464K, committed 62208K, reserved 1103872K
  class space    used 7718K, capacity 7940K, committed 8192K, reserved 1048576K
Event: 3285.789 GC heap after
Heap after GC invocations=27 (full 8):
 PSYoungGen      total 306176K, used 0K [0x00000000eab00000, 0x00000000ffd00000, 0x0000000100000000)
  eden space 301056K, 0% used [0x00000000eab00000,0x00000000eab00000,0x00000000fd100000)
  from space 5120K, 0% used [0x00000000fd100000,0x00000000fd100000,0x00000000fd600000)
  to   space 22528K, 0% used [0x00000000fe700000,0x00000000fe700000,0x00000000ffd00000)
 ParOldGen       total 84992K, used 34258K [0x00000000c0000000, 0x00000000c5300000, 0x00000000eab00000)
  object space 84992K, 40% used [0x00000000c0000000,0x00000000c2174a80,0x00000000c5300000)
 Metaspace       used 59762K, capacity 61282K, committed 62208K, reserved 1103872K
  class space    used 7701K, capacity 7923K, committed 8192K, reserved 1048576K
}
Event: 3393.400 GC heap before
{Heap before GC invocations=28 (full 8):
 PSYoungGen      total 306176K, used 301056K [0x00000000eab00000, 0x00000000ffd00000, 0x0000000100000000)
  eden space 301056K, 100% used [0x00000000eab00000,0x00000000fd100000,0x00000000fd100000)
  from space 5120K, 0% used [0x00000000fd100000,0x00000000fd100000,0x00000000fd600000)
  to   space 22528K, 0% used [0x00000000fe700000,0x00000000fe700000,0x00000000ffd00000)
 ParOldGen       total 84992K, used 34258K [0x00000000c0000000, 0x00000000c5300000, 0x00000000eab00000)
  object space 84992K, 40% used [0x00000000c0000000,0x00000000c2174a80,0x00000000c5300000)
 Metaspace       used 60574K, capacity 62638K, committed 62976K, reserved 1103872K
  class space    used 7810K, capacity 8119K, committed 8192K, reserved 1048576K
Event: 3393.408 GC heap after
Heap after GC invocations=28 (full 8):
 PSYoungGen      total 324096K, used 5263K [0x00000000eab00000, 0x0000000100000000, 0x0000000100000000)
  eden space 301568K, 0% used [0x00000000eab00000,0x00000000eab00000,0x00000000fd180000)
  from space 22528K, 23% used [0x00000000fe700000,0x00000000fec23c40,0x00000000ffd00000)
  to   space 22016K, 0% used [0x00000000fd180000,0x00000000fd180000,0x00000000fe700000)
 ParOldGen       total 84992K, used 34266K [0x00000000c0000000, 0x00000000c5300000, 0x00000000eab00000)
  object space 84992K, 40% used [0x00000000c0000000,0x00000000c2176a80,0x00000000c5300000)
 Metaspace       used 60574K, capacity 62638K, committed 62976K, reserved 1103872K
  class space    used 7810K, capacity 8119K, committed 8192K, reserved 1048576K
}
Event: 3406.131 GC heap before
{Heap before GC invocations=29 (full 8):
 PSYoungGen      total 324096K, used 122685K [0x00000000eab00000, 0x0000000100000000, 0x0000000100000000)
  eden space 301568K, 38% used [0x00000000eab00000,0x00000000f1dab9a8,0x00000000fd180000)
  from space 22528K, 23% used [0x00000000fe700000,0x00000000fec23c40,0x00000000ffd00000)
  to   space 22016K, 0% used [0x00000000fd180000,0x00000000fd180000,0x00000000fe700000)
 ParOldGen       total 84992K, used 34266K [0x00000000c0000000, 0x00000000c5300000, 0x00000000eab00000)
  object space 84992K, 40% used [0x00000000c0000000,0x00000000c2176a80,0x00000000c5300000)
 Metaspace       used 60898K, capacity 63270K, committed 63616K, reserved 1103872K
  class space    used 7851K, capacity 8179K, committed 8320K, reserved 1048576K
Event: 3406.136 GC heap after
Heap after GC invocations=29 (full 8):
 PSYoungGen      total 323584K, used 2192K [0x00000000eab00000, 0x0000000100000000, 0x0000000100000000)
  eden space 301568K, 0% used [0x00000000eab00000,0x00000000eab00000,0x00000000fd180000)
  from space 22016K, 9% used [0x00000000fd180000,0x00000000fd3a4010,0x00000000fe700000)
  to   space 21504K, 0% used [0x00000000feb00000,0x00000000feb00000,0x0000000100000000)
 ParOldGen       total 84992K, used 34274K [0x00000000c0000000, 0x00000000c5300000, 0x00000000eab00000)
  object space 84992K, 40% used [0x00000000c0000000,0x00000000c2178a80,0x00000000c5300000)
 Metaspace       used 60898K, capacity 63270K, committed 63616K, reserved 1103872K
  class space    used 7851K, capacity 8179K, committed 8320K, reserved 1048576K
}
Event: 3406.136 GC heap before
{Heap before GC invocations=30 (full 9):
 PSYoungGen      total 323584K, used 2192K [0x00000000eab00000, 0x0000000100000000, 0x0000000100000000)
  eden space 301568K, 0% used [0x00000000eab00000,0x00000000eab00000,0x00000000fd180000)
  from space 22016K, 9% used [0x00000000fd180000,0x00000000fd3a4010,0x00000000fe700000)
  to   space 21504K, 0% used [0x00000000feb00000,0x00000000feb00000,0x0000000100000000)
 ParOldGen       total 84992K, used 34274K [0x00000000c0000000, 0x00000000c5300000, 0x00000000eab00000)
  object space 84992K, 40% used [0x00000000c0000000,0x00000000c2178a80,0x00000000c5300000)
 Metaspace       used 60898K, capacity 63270K, committed 63616K, reserved 1103872K
  class space    used 7851K, capacity 8179K, committed 8320K, reserved 1048576K
Event: 3406.407 GC heap after
Heap after GC invocations=30 (full 9):
 PSYoungGen      total 323584K, used 0K [0x00000000eab00000, 0x0000000100000000, 0x0000000100000000)
  eden space 301568K, 0% used [0x00000000eab00000,0x00000000eab00000,0x00000000fd180000)
  from space 22016K, 0% used [0x00000000fd180000,0x00000000fd180000,0x00000000fe700000)
  to   space 21504K, 0% used [0x00000000feb00000,0x00000000feb00000,0x0000000100000000)
 ParOldGen       total 84992K, used 34617K [0x00000000c0000000, 0x00000000c5300000, 0x00000000eab00000)
  object space 84992K, 40% used [0x00000000c0000000,0x00000000c21ce5b0,0x00000000c5300000)
 Metaspace       used 60793K, capacity 62918K, committed 63616K, reserved 1103872K
  class space    used 7819K, capacity 8147K, committed 8320K, reserved 1048576K
}

Deoptimization events (10 events):
Event: 3325.555 Thread 0x000000001d977000 Uncommon trap: reason=class_check action=maybe_recompile pc=0x00000000041cd504 method=java.util.zip.DeflaterOutputStream.deflate()V @ 32
Event: 3325.555 Thread 0x000000001d977000 Uncommon trap: reason=class_check action=maybe_recompile pc=0x00000000041cd504 method=java.util.zip.DeflaterOutputStream.deflate()V @ 32
Event: 3330.259 Thread 0x000000001d977000 Uncommon trap: reason=speculate_class_check action=maybe_recompile pc=0x0000000002a446c8 method=com.google.common.collect.AbstractIndexedListIterator.next()Ljava/lang/Object; @ 27
Event: 3330.259 Thread 0x000000001d977000 Uncommon trap: reason=speculate_class_check action=maybe_recompile pc=0x0000000002a446c8 method=com.google.common.collect.AbstractIndexedListIterator.next()Ljava/lang/Object; @ 27
Event: 3330.259 Thread 0x000000001d977000 Uncommon trap: reason=speculate_class_check action=maybe_recompile pc=0x0000000002a446c8 method=com.google.common.collect.AbstractIndexedListIterator.next()Ljava/lang/Object; @ 27
Event: 3330.259 Thread 0x000000001d977000 Uncommon trap: reason=speculate_class_check action=maybe_recompile pc=0x0000000002a446c8 method=com.google.common.collect.AbstractIndexedListIterator.next()Ljava/lang/Object; @ 27
Event: 3333.354 Thread 0x000000001d977000 Uncommon trap: reason=unstable_if action=reinterpret pc=0x00000000041fb8f8 method=sun.security.provider.DigestBase.engineUpdate(B)V @ 4
Event: 3333.354 Thread 0x000000001d977000 Uncommon trap: reason=bimorphic action=maybe_recompile pc=0x00000000035a9828 method=java.io.DataInputStream.readUnsignedShort()I @ 4
Event: 3333.354 Thread 0x000000001d977000 Uncommon trap: reason=bimorphic action=maybe_recompile pc=0x00000000035a9828 method=java.io.DataInputStream.readUnsignedShort()I @ 4
Event: 3333.836 Thread 0x000000001d977000 Uncommon trap: reason=unstable_if action=reinterpret pc=0x0000000004202c50 method=sun.security.provider.DigestBase.engineUpdate(B)V @ 4

Internal exceptions (10 events):
Event: 3328.101 Thread 0x000000001d977000 Exception <a 'java/lang/ClassNotFoundException': asLocalRepo361_398apde1dijr6apxix4hmi27jCustomizer> (0x00000000f30f3ca0) thrown at [C:\re\workspace\8-2-build-windows-amd64-cygwin\jdk8u45\3627\hotspot\src\share\vm\classfile\systemDictionary.cpp, line 210]
Event: 3333.354 Thread 0x000000001d977000 Implicit null exception at 0x00000000041fb591 to 0x00000000041fb8e1
Event: 3333.836 Thread 0x000000001d977000 Implicit null exception at 0x0000000004202132 to 0x0000000004202c35
Event: 3334.215 Thread 0x000000001d977000 Exception <a 'java/io/FileNotFoundException'> (0x00000000f8a2f4f0) thrown at [C:\re\workspace\8-2-build-windows-amd64-cygwin\jdk8u45\3627\hotspot\src\share\vm\prims\jni.cpp, line 709]
Event: 3391.769 Thread 0x000000001d977000 Exception <a 'java/lang/ClassNotFoundException': asLocalRepo362_brg14umvgtjpsbxyeqx8paikpBeanInfo> (0x00000000f9b4f900) thrown at [C:\re\workspace\8-2-build-windows-amd64-cygwin\jdk8u45\3627\hotspot\src\share\vm\classfile\systemDictionary.cpp, line 210]
Event: 3391.769 Thread 0x000000001d977000 Exception <a 'java/lang/ClassNotFoundException': asLocalRepo362_brg14umvgtjpsbxyeqx8paikpCustomizer> (0x00000000f9b58590) thrown at [C:\re\workspace\8-2-build-windows-amd64-cygwin\jdk8u45\3627\hotspot\src\share\vm\classfile\systemDictionary.cpp, line 210]
Event: 3401.799 Thread 0x000000001d977000 Exception <a 'java/lang/ClassNotFoundException': asLocalRepo363_8r5yq10y1u4p55ap21d87rgx4BeanInfo> (0x00000000ecf44a28) thrown at [C:\re\workspace\8-2-build-windows-amd64-cygwin\jdk8u45\3627\hotspot\src\share\vm\classfile\systemDictionary.cpp, line 210]
Event: 3401.800 Thread 0x000000001d977000 Exception <a 'java/lang/ClassNotFoundException': asLocalRepo363_8r5yq10y1u4p55ap21d87rgx4Customizer> (0x00000000ecf4d6b8) thrown at [C:\re\workspace\8-2-build-windows-amd64-cygwin\jdk8u45\3627\hotspot\src\share\vm\classfile\systemDictionary.cpp, line 210]
Event: 3487.777 Thread 0x00000000185b5000 Exception <a 'java/lang/ClassNotFoundException': asLocalRepo364_79et3ntwwu8byd36c984wk8wxBeanInfo> (0x00000000eb9dace0) thrown at [C:\re\workspace\8-2-build-windows-amd64-cygwin\jdk8u45\3627\hotspot\src\share\vm\classfile\systemDictionary.cpp, line 210]
Event: 3487.777 Thread 0x00000000185b5000 Exception <a 'java/lang/ClassNotFoundException': asLocalRepo364_79et3ntwwu8byd36c984wk8wxCustomizer> (0x00000000eb9e3970) thrown at [C:\re\workspace\8-2-build-windows-amd64-cygwin\jdk8u45\3627\hotspot\src\share\vm\classfile\systemDictionary.cpp, line 210]

Events (10 events):
Event: 3487.806 loading class groovy/runtime/metaclass/asLocalRepo364_79et3ntwwu8byd36c984wk8wx$_run_closure1$_closure2$_closure4$_closure5MetaClass
Event: 3487.806 loading class groovy/runtime/metaclass/asLocalRepo364_79et3ntwwu8byd36c984wk8wx$_run_closure1$_closure2$_closure4$_closure5MetaClass done
Event: 3487.807 loading class asLocalRepo364_79et3ntwwu8byd36c984wk8wx$_run_closure1$_closure3
Event: 3487.807 loading class asLocalRepo364_79et3ntwwu8byd36c984wk8wx$_run_closure1$_closure3 done
Event: 3487.807 loading class groovy/runtime/metaclass/asLocalRepo364_79et3ntwwu8byd36c984wk8wx$_run_closure1$_closure3MetaClass
Event: 3487.807 loading class groovy/runtime/metaclass/asLocalRepo364_79et3ntwwu8byd36c984wk8wx$_run_closure1$_closure3MetaClass done
Event: 3487.808 loading class asLocalRepo364_79et3ntwwu8byd36c984wk8wx$_run_closure1$_closure3$_closure6
Event: 3487.808 loading class asLocalRepo364_79et3ntwwu8byd36c984wk8wx$_run_closure1$_closure3$_closure6 done
Event: 3487.808 loading class groovy/runtime/metaclass/asLocalRepo364_79et3ntwwu8byd36c984wk8wx$_run_closure1$_closure3$_closure6MetaClass
Event: 3487.808 loading class groovy/runtime/metaclass/asLocalRepo364_79et3ntwwu8byd36c984wk8wx$_run_closure1$_closure3$_closure6MetaClass done


Dynamic libraries:
0x00007ff679d70000 - 0x00007ff679da7000 	C:\Program Files\Java\jdk1.8.0_45\bin\java.exe
0x00007ffa471b0000 - 0x00007ffa47372000 	C:\WINDOWS\SYSTEM32\ntdll.dll
0x00007ffa46450000 - 0x00007ffa464fd000 	C:\WINDOWS\system32\KERNEL32.DLL
0x00007ffa43cd0000 - 0x00007ffa43ead000 	C:\WINDOWS\system32\KERNELBASE.dll
0x00007ffa46500000 - 0x00007ffa465a6000 	C:\WINDOWS\system32\ADVAPI32.dll
0x00007ffa465f0000 - 0x00007ffa4668d000 	C:\WINDOWS\system32\msvcrt.dll
0x00007ffa46180000 - 0x00007ffa461db000 	C:\WINDOWS\system32\sechost.dll
0x00007ffa44880000 - 0x00007ffa449a6000 	C:\WINDOWS\system32\RPCRT4.dll
0x00007ffa46300000 - 0x00007ffa4644e000 	C:\WINDOWS\system32\USER32.dll
0x00007ffa46e00000 - 0x00007ffa46f86000 	C:\WINDOWS\system32\GDI32.dll
0x00007ffa3de80000 - 0x00007ffa3e0f4000 	C:\WINDOWS\WinSxS\amd64_microsoft.windows.common-controls_6595b64144ccf1df_6.0.10240.16384_none_f41f7b285750ef43\COMCTL32.dll
0x00007ffa465b0000 - 0x00007ffa465e6000 	C:\WINDOWS\system32\IMM32.DLL
0x00007ffa44ab0000 - 0x00007ffa44c0c000 	C:\WINDOWS\system32\MSCTF.dll
0x0000000071230000 - 0x0000000071302000 	C:\Program Files\Java\jdk1.8.0_45\jre\bin\msvcr100.dll
0x000000006fc90000 - 0x0000000070513000 	C:\Program Files\Java\jdk1.8.0_45\jre\bin\server\jvm.dll
0x00007ffa471a0000 - 0x00007ffa471a8000 	C:\WINDOWS\system32\PSAPI.DLL
0x00007ffa3a210000 - 0x00007ffa3a219000 	C:\WINDOWS\SYSTEM32\WSOCK32.dll
0x00007ffa41cd0000 - 0x00007ffa41cf3000 	C:\WINDOWS\SYSTEM32\WINMM.dll
0x00007ffa40f60000 - 0x00007ffa40f6a000 	C:\WINDOWS\SYSTEM32\VERSION.dll
0x00007ffa461e0000 - 0x00007ffa46249000 	C:\WINDOWS\system32\WS2_32.dll
0x00007ffa466b0000 - 0x00007ffa466b8000 	C:\WINDOWS\system32\NSI.dll
0x0000000000c70000 - 0x0000000000c9c000 	C:\WINDOWS\SYSTEM32\WINMMBASE.dll
0x00007ffa44710000 - 0x00007ffa44754000 	C:\WINDOWS\system32\cfgmgr32.dll
0x00007ffa42450000 - 0x00007ffa42477000 	C:\WINDOWS\SYSTEM32\DEVOBJ.dll
0x0000000071b80000 - 0x0000000071b8f000 	C:\Program Files\Java\jdk1.8.0_45\jre\bin\verify.dll
0x0000000071b50000 - 0x0000000071b79000 	C:\Program Files\Java\jdk1.8.0_45\jre\bin\java.dll
0x0000000071b30000 - 0x0000000071b46000 	C:\Program Files\Java\jdk1.8.0_45\jre\bin\zip.dll
0x00007ffa44c10000 - 0x00007ffa46178000 	C:\WINDOWS\system32\SHELL32.dll
0x00007ffa43f10000 - 0x00007ffa44538000 	C:\WINDOWS\system32\windows.storage.dll
0x00007ffa46730000 - 0x00007ffa469ac000 	C:\WINDOWS\system32\combase.dll
0x00007ffa44820000 - 0x00007ffa44871000 	C:\WINDOWS\system32\shlwapi.dll
0x00007ffa43b80000 - 0x00007ffa43b8f000 	C:\WINDOWS\system32\kernel.appcore.dll
0x00007ffa44760000 - 0x00007ffa44813000 	C:\WINDOWS\system32\shcore.dll
0x00007ffa43bd0000 - 0x00007ffa43c1a000 	C:\WINDOWS\system32\powrprof.dll
0x00007ffa43bb0000 - 0x00007ffa43bc3000 	C:\WINDOWS\system32\profapi.dll
0x00007ffa46d30000 - 0x00007ffa46dee000 	C:\WINDOWS\system32\OLEAUT32.dll
0x0000000071b10000 - 0x0000000071b2a000 	C:\Program Files\Java\jdk1.8.0_45\jre\bin\net.dll
0x00007ffa433b0000 - 0x00007ffa4340d000 	C:\WINDOWS\system32\mswsock.dll
0x0000000071af0000 - 0x0000000071b01000 	C:\Program Files\Java\jdk1.8.0_45\jre\bin\nio.dll
0x00007ffa3e720000 - 0x00007ffa3e732000 	C:\Users\Mr_RexZ\.gradle\native\19\windows-amd64\native-platform.dll
0x00007ffa40df0000 - 0x00007ffa40e28000 	C:\WINDOWS\SYSTEM32\IPHLPAPI.DLL
0x00007ffa40e50000 - 0x00007ffa40e5b000 	C:\WINDOWS\SYSTEM32\WINNSI.DLL
0x00007ffa40800000 - 0x00007ffa40816000 	C:\WINDOWS\SYSTEM32\dhcpcsvc6.DLL
0x00007ffa40dd0000 - 0x00007ffa40dea000 	C:\WINDOWS\SYSTEM32\dhcpcsvc.DLL
0x00007ffa43410000 - 0x00007ffa43427000 	C:\WINDOWS\SYSTEM32\CRYPTSP.dll
0x00007ffa43ab0000 - 0x00007ffa43ad8000 	C:\WINDOWS\SYSTEM32\bcrypt.dll
0x00007ffa42f80000 - 0x00007ffa42fb3000 	C:\WINDOWS\system32\rsaenh.dll
0x00007ffa43380000 - 0x00007ffa4339f000 	C:\WINDOWS\SYSTEM32\USERENV.dll
0x00007ffa439a0000 - 0x00007ffa43a0b000 	C:\WINDOWS\system32\bcryptprimitives.dll
0x00007ffa435b0000 - 0x00007ffa435bb000 	C:\WINDOWS\SYSTEM32\CRYPTBASE.dll
0x00000000718f0000 - 0x00000000718fd000 	C:\Program Files\Java\jdk1.8.0_45\jre\bin\management.dll
0x00007ffa20ba0000 - 0x00007ffa20d2a000 	C:\WINDOWS\SYSTEM32\dbghelp.dll

VM Arguments:
jvm_args: -XX:MaxPermSize=256m -XX:+HeapDumpOnOutOfMemoryError -Xmx1024m -Dfile.encoding=windows-1252 -Duser.country=US -Duser.language=en -Duser.variant 
java_command: org.gradle.launcher.daemon.bootstrap.GradleDaemon 2.10
java_class_path (initial): B:\Program Files\Android\Android Studio\gradle\gradle-2.10\lib\gradle-launcher-2.10.jar
Launcher Type: SUN_STANDARD

Environment Variables:
PATH=C:\ProgramData\Oracle\Java\javapath;C:\Users\Mr_RexZ\algs4\java\bin;C:\Windows\system32;C:\Windows;C:\Windows\System32\Wbem;C:\Windows\System32\WindowsPowerShell\v1.0\;B:\Program Files (x86)\MySQL\MySQL Utilities\;B:\Program Files (x86)\MySQL\MySQL Utilities\Doctrine extensions for PHP\;C:\WINDOWS\system32;C:\WINDOWS;C:\WINDOWS\System32\Wbem;C:\WINDOWS\System32\WindowsPowerShell\v1.0\;C:\Program Files (x86)\NVIDIA Corporation\PhysX\Common;B:\Program Files\MATLAB\MATLAB Production Server\R2015a\runtime\win64;B:\Program Files\MATLAB\MATLAB Production Server\R2015a\bin;B:\Program Files\MATLAB\MATLAB Production Server\R2015a\polyspace\bin;C:\Program Files (x86)\sbt\\bin;C:\ProgramData\Oracle\Java\javapath;C:\Users\Mr_RexZ\algs4\java\bin;C:\Windows\system32;C:\Windows;C:\Windows\System32\Wbem;C:\Windows\System32\WindowsPowerShell\v1.0\;B:\Program Files (x86)\MySQL\MySQL Utilities\;B:\Program Files (x86)\MySQL\MySQL Utilities\Doctrine extensions for PHP\;C:\WINDOWS\system32;C:\WINDOWS;C:\WINDOWS\System32\Wbem;C:\WINDOWS\System32\WindowsPowerShell\v1.0\;C:\Program Files (x86)\NVIDIA Corporation\PhysX\Common;B:\Program Files\MATLAB\MATLAB Production Server\R2015a\runtime\win64;B:\Program Files\MATLAB\MATLAB Production Server\R2015a\bin;B:\Program Files\MATLAB\MATLAB Production Server\R2015a\polyspace\bin;C:\Program Files (x86)\sbt\\bin;C:\WI;B:\Users\Mr_RexZ\AppData\Local\Android\sdk\platform-tools
USERNAME=Mr_RexZ
OS=Windows_NT
PROCESSOR_IDENTIFIER=Intel64 Family 6 Model 60 Stepping 3, GenuineIntel



---------------  S Y S T E M  ---------------

OS: Windows 10.0 , 64 bit Build 10240 (10.0.10240.16384)

CPU:total 4 (4 cores per cpu, 1 threads per core) family 6 model 60 stepping 3, cmov, cx8, fxsr, mmx, sse, sse2, sse3, ssse3, sse4.1, sse4.2, popcnt, avx, avx2, aes, clmul, erms, lzcnt, tsc, tscinvbit, bmi1, bmi2

Memory: 4k page, physical 8353736k(1112000k free), swap 16742344k(5660k free)

vm_info: Java HotSpot(TM) 64-Bit Server VM (25.45-b02) for windows-amd64 JRE (1.8.0_45-b15), built on Apr 30 2015 12:40:44 by "java_re" with MS VC++ 10.0 (VS2010)

time: Sat Jun 11 17:45:53 2016
elapsed time: 3488 seconds (0d 0h 58m 8s)

