#
# There is insufficient memory for the Java Runtime Environment to continue.
# Native memory allocation (malloc) failed to allocate 1759056 bytes for Chunk::new
# Possible reasons:
#   The system is out of physical RAM or swap space
#   In 32 bit mode, the process size limit was hit
# Possible solutions:
#   Reduce memory load on the system
#   Increase physical memory or swap space
#   Check if swap backing store is full
#   Use 64 bit Java on a 64 bit OS
#   Decrease Java heap size (-Xmx/-Xms)
#   Decrease number of Java threads
#   Decrease Java thread stack sizes (-Xss)
#   Set larger code cache with -XX:ReservedCodeCacheSize=
# This output file may be truncated or incomplete.
#
#  Out of Memory Error (allocation.cpp:390), pid=14212, tid=13560
#
# JRE version: Java(TM) SE Runtime Environment (8.0_45-b15) (build 1.8.0_45-b15)
# Java VM: Java HotSpot(TM) 64-Bit Server VM (25.45-b02 mixed mode windows-amd64 compressed oops)
# Failed to write core dump. Minidumps are not enabled by default on client versions of Windows
#

---------------  T H R E A D  ---------------

Current thread (0x0000000014c3b000):  JavaThread "C2 CompilerThread0" daemon [_thread_in_native, id=13560, stack(0x0000000016190000,0x0000000016290000)]

Stack: [0x0000000016190000,0x0000000016290000]
Native frames: (J=compiled Java code, j=interpreted, Vv=VM code, C=native code)
V  [jvm.dll+0x32b57a]
V  [jvm.dll+0x279873]
V  [jvm.dll+0x27a509]
V  [jvm.dll+0x271825]
V  [jvm.dll+0xcb9e2]
V  [jvm.dll+0xcbeac]
V  [jvm.dll+0x476ef2]
V  [jvm.dll+0x4b955f]
V  [jvm.dll+0x46bf81]
V  [jvm.dll+0x46ccbe]
V  [jvm.dll+0x4500f2]
V  [jvm.dll+0xa4352]
V  [jvm.dll+0xa4c8f]
V  [jvm.dll+0x241984]
V  [jvm.dll+0x29853a]
C  [msvcr100.dll+0x21d9f]
C  [msvcr100.dll+0x21e3b]
C  [KERNEL32.DLL+0x12d92]
C  [ntdll.dll+0x9f64]


Current CompileTask:
C2:   9214 4075       4       sun.reflect.generics.parser.SignatureParser::parseFieldTypeSignature (73 bytes)


---------------  P R O C E S S  ---------------

Java Threads: ( => current thread )
  0x000000001a530800 JavaThread "File lock request listener" [_thread_in_native, id=13484, stack(0x000000001d620000,0x000000001d720000)]
  0x0000000017945800 JavaThread "Stdin handler" [_thread_blocked, id=11752, stack(0x0000000018de0000,0x0000000018ee0000)]
  0x000000001795e000 JavaThread "Daemon worker" [_thread_in_Java, id=13348, stack(0x0000000018ce0000,0x0000000018de0000)]
  0x000000001795b000 JavaThread "Cancel handler" [_thread_blocked, id=13380, stack(0x0000000018be0000,0x0000000018ce0000)]
  0x0000000017860800 JavaThread "Handler for socket connection from /127.0.0.1:63473 to /127.0.0.1:63474" [_thread_in_native, id=13368, stack(0x0000000018ae0000,0x0000000018be0000)]
  0x0000000017860000 JavaThread "Daemon" [_thread_blocked, id=7288, stack(0x00000000189e0000,0x0000000018ae0000)]
  0x0000000017892000 JavaThread "Incoming local TCP Connector on port 63473" [_thread_in_native, id=13352, stack(0x0000000017290000,0x0000000017390000)]
  0x00000000164af000 JavaThread "Service Thread" daemon [_thread_blocked, id=13400, stack(0x0000000016890000,0x0000000016990000)]
  0x0000000014c9d800 JavaThread "C1 CompilerThread2" daemon [_thread_blocked, id=14272, stack(0x0000000016390000,0x0000000016490000)]
  0x0000000014c42000 JavaThread "C2 CompilerThread1" daemon [_thread_in_native, id=13564, stack(0x0000000016290000,0x0000000016390000)]
=>0x0000000014c3b000 JavaThread "C2 CompilerThread0" daemon [_thread_in_native, id=13560, stack(0x0000000016190000,0x0000000016290000)]
  0x0000000014c39800 JavaThread "Attach Listener" daemon [_thread_blocked, id=13556, stack(0x0000000016090000,0x0000000016190000)]
  0x0000000014c38000 JavaThread "Signal Dispatcher" daemon [_thread_blocked, id=13376, stack(0x0000000015f90000,0x0000000016090000)]
  0x0000000002567800 JavaThread "Finalizer" daemon [_thread_blocked, id=9272, stack(0x0000000015e90000,0x0000000015f90000)]
  0x000000000255f800 JavaThread "Reference Handler" daemon [_thread_blocked, id=13344, stack(0x0000000015d90000,0x0000000015e90000)]
  0x000000000228e800 JavaThread "main" [_thread_blocked, id=14276, stack(0x0000000002370000,0x0000000002470000)]

Other Threads:
  0x0000000014c07000 VMThread [stack: 0x0000000015c90000,0x0000000015d90000] [id=14268]
  0x00000000164b0000 WatcherThread [stack: 0x0000000016990000,0x0000000016a90000] [id=8124]

VM state:not at safepoint (normal execution)

VM Mutex/Monitor currently owned by a thread: None

Heap:
 PSYoungGen      total 112640K, used 3896K [0x00000000eab00000, 0x00000000f5f00000, 0x0000000100000000)
  eden space 102400K, 3% used [0x00000000eab00000,0x00000000eaece198,0x00000000f0f00000)
  from space 10240K, 0% used [0x00000000f0f00000,0x00000000f0f00000,0x00000000f1900000)
  to   space 13312K, 0% used [0x00000000f5200000,0x00000000f5200000,0x00000000f5f00000)
 ParOldGen       total 96768K, used 21307K [0x00000000c0000000, 0x00000000c5e80000, 0x00000000eab00000)
  object space 96768K, 22% used [0x00000000c0000000,0x00000000c14cef40,0x00000000c5e80000)
 Metaspace       used 35496K, capacity 36190K, committed 36352K, reserved 1081344K
  class space    used 4858K, capacity 5065K, committed 5120K, reserved 1048576K

Card table byte_map: [0x0000000011930000,0x0000000011b40000] byte_map_base: 0x0000000011330000

Marking Bits: (ParMarkBitMap*) 0x0000000054014040
 Begin Bits: [0x00000000120a0000, 0x00000000130a0000)
 End Bits:   [0x00000000130a0000, 0x00000000140a0000)

Polling page: 0x00000000021b0000

CodeCache: size=245760Kb used=13732Kb max_used=13732Kb free=232027Kb
 bounds [0x0000000002570000, 0x00000000032f0000, 0x0000000011570000]
 total_blobs=4380 nmethods=3722 adapters=570
 compilation: enabled

Compilation events (10 events):
Event: 9.185 Thread 0x0000000014c9d800 nmethod 4164 0x00000000032d8850 code [0x00000000032d89c0, 0x00000000032d8b48]
Event: 9.185 Thread 0x0000000014c9d800 4167       1       java.util.logging.Level::intValue (5 bytes)
Event: 9.185 Thread 0x0000000014c9d800 nmethod 4167 0x00000000032d8590 code [0x00000000032d86e0, 0x00000000032d87f0]
Event: 9.185 Thread 0x0000000014c9d800 4168       1       org.slf4j.impl.StaticLoggerBinder::getLoggerFactory (5 bytes)
Event: 9.185 Thread 0x0000000014c9d800 nmethod 4168 0x00000000032d82d0 code [0x00000000032d8420, 0x00000000032d8530]
Event: 9.189 Thread 0x0000000014c9d800 4169       1       java.util.concurrent.locks.AbstractQueuedSynchronizer::setState (6 bytes)
Event: 9.189 Thread 0x0000000014c9d800 nmethod 4169 0x00000000032d8010 code [0x00000000032d8160, 0x00000000032d8270]
Event: 9.191 Thread 0x0000000014c9d800 4170       1       com.sun.xml.internal.bind.v2.model.impl.ClassInfoImpl::getClazz (5 bytes)
Event: 9.191 Thread 0x0000000014c9d800 nmethod 4170 0x00000000032d7d50 code [0x00000000032d7ea0, 0x00000000032d7fb0]
Event: 9.197 Thread 0x0000000014c9d800 4171       1       com.sun.xml.internal.bind.v2.model.impl.PropertyInfoImpl::id (5 bytes)

GC Heap History (10 events):
Event: 3.453 GC heap before
{Heap before GC invocations=5 (full 1):
 PSYoungGen      total 71680K, used 5104K [0x00000000eab00000, 0x00000000ef600000, 0x0000000100000000)
  eden space 66560K, 0% used [0x00000000eab00000,0x00000000eab00000,0x00000000eec00000)
  from space 5120K, 99% used [0x00000000ef100000,0x00000000ef5fc020,0x00000000ef600000)
  to   space 5120K, 0% used [0x00000000eec00000,0x00000000eec00000,0x00000000ef100000)
 ParOldGen       total 87552K, used 9107K [0x00000000c0000000, 0x00000000c5580000, 0x00000000eab00000)
  object space 87552K, 10% used [0x00000000c0000000,0x00000000c08e4dc8,0x00000000c5580000)
 Metaspace       used 20878K, capacity 21226K, committed 21296K, reserved 1067008K
  class space    used 2816K, capacity 2939K, committed 2944K, reserved 1048576K
Event: 3.499 GC heap after
Heap after GC invocations=5 (full 1):
 PSYoungGen      total 71680K, used 0K [0x00000000eab00000, 0x00000000ef600000, 0x0000000100000000)
  eden space 66560K, 0% used [0x00000000eab00000,0x00000000eab00000,0x00000000eec00000)
  from space 5120K, 0% used [0x00000000ef100000,0x00000000ef100000,0x00000000ef600000)
  to   space 5120K, 0% used [0x00000000eec00000,0x00000000eec00000,0x00000000ef100000)
 ParOldGen       total 60928K, used 9418K [0x00000000c0000000, 0x00000000c3b80000, 0x00000000eab00000)
  object space 60928K, 15% used [0x00000000c0000000,0x00000000c09329a8,0x00000000c3b80000)
 Metaspace       used 20878K, capacity 21226K, committed 21296K, reserved 1067008K
  class space    used 2816K, capacity 2939K, committed 2944K, reserved 1048576K
}
Event: 5.523 GC heap before
{Heap before GC invocations=6 (full 1):
 PSYoungGen      total 71680K, used 66560K [0x00000000eab00000, 0x00000000ef600000, 0x0000000100000000)
  eden space 66560K, 100% used [0x00000000eab00000,0x00000000eec00000,0x00000000eec00000)
  from space 5120K, 0% used [0x00000000ef100000,0x00000000ef100000,0x00000000ef600000)
  to   space 5120K, 0% used [0x00000000eec00000,0x00000000eec00000,0x00000000ef100000)
 ParOldGen       total 60928K, used 9418K [0x00000000c0000000, 0x00000000c3b80000, 0x00000000eab00000)
  object space 60928K, 15% used [0x00000000c0000000,0x00000000c09329a8,0x00000000c3b80000)
 Metaspace       used 26512K, capacity 26948K, committed 27136K, reserved 1073152K
  class space    used 3619K, capacity 3730K, committed 3840K, reserved 1048576K
Event: 5.533 GC heap after
Heap after GC invocations=6 (full 1):
 PSYoungGen      total 71680K, used 5109K [0x00000000eab00000, 0x00000000f2600000, 0x0000000100000000)
  eden space 66560K, 0% used [0x00000000eab00000,0x00000000eab00000,0x00000000eec00000)
  from space 5120K, 99% used [0x00000000eec00000,0x00000000ef0fd5c0,0x00000000ef100000)
  to   space 10752K, 0% used [0x00000000f1b80000,0x00000000f1b80000,0x00000000f2600000)
 ParOldGen       total 60928K, used 10536K [0x00000000c0000000, 0x00000000c3b80000, 0x00000000eab00000)
  object space 60928K, 17% used [0x00000000c0000000,0x00000000c0a4a0f0,0x00000000c3b80000)
 Metaspace       used 26512K, capacity 26948K, committed 27136K, reserved 1073152K
  class space    used 3619K, capacity 3730K, committed 3840K, reserved 1048576K
}
Event: 7.600 GC heap before
{Heap before GC invocations=7 (full 1):
 PSYoungGen      total 71680K, used 71669K [0x00000000eab00000, 0x00000000f2600000, 0x0000000100000000)
  eden space 66560K, 100% used [0x00000000eab00000,0x00000000eec00000,0x00000000eec00000)
  from space 5120K, 99% used [0x00000000eec00000,0x00000000ef0fd5c0,0x00000000ef100000)
  to   space 10752K, 0% used [0x00000000f1b80000,0x00000000f1b80000,0x00000000f2600000)
 ParOldGen       total 60928K, used 10536K [0x00000000c0000000, 0x00000000c3b80000, 0x00000000eab00000)
  object space 60928K, 17% used [0x00000000c0000000,0x00000000c0a4a0f0,0x00000000c3b80000)
 Metaspace       used 29683K, capacity 30168K, committed 30336K, reserved 1075200K
  class space    used 4037K, capacity 4166K, committed 4224K, reserved 1048576K
Event: 7.608 GC heap after
Heap after GC invocations=7 (full 1):
 PSYoungGen      total 108544K, used 7177K [0x00000000eab00000, 0x00000000f2300000, 0x0000000100000000)
  eden space 100864K, 0% used [0x00000000eab00000,0x00000000eab00000,0x00000000f0d80000)
  from space 7680K, 93% used [0x00000000f1b80000,0x00000000f22824e0,0x00000000f2300000)
  to   space 10240K, 0% used [0x00000000f0f00000,0x00000000f0f00000,0x00000000f1900000)
 ParOldGen       total 60928K, used 10608K [0x00000000c0000000, 0x00000000c3b80000, 0x00000000eab00000)
  object space 60928K, 17% used [0x00000000c0000000,0x00000000c0a5c100,0x00000000c3b80000)
 Metaspace       used 29683K, capacity 30168K, committed 30336K, reserved 1075200K
  class space    used 4037K, capacity 4166K, committed 4224K, reserved 1048576K
}
Event: 8.889 GC heap before
{Heap before GC invocations=8 (full 1):
 PSYoungGen      total 108544K, used 101244K [0x00000000eab00000, 0x00000000f2300000, 0x0000000100000000)
  eden space 100864K, 93% used [0x00000000eab00000,0x00000000f06dcc28,0x00000000f0d80000)
  from space 7680K, 93% used [0x00000000f1b80000,0x00000000f22824e0,0x00000000f2300000)
  to   space 10240K, 0% used [0x00000000f0f00000,0x00000000f0f00000,0x00000000f1900000)
 ParOldGen       total 60928K, used 10608K [0x00000000c0000000, 0x00000000c3b80000, 0x00000000eab00000)
  object space 60928K, 17% used [0x00000000c0000000,0x00000000c0a5c100,0x00000000c3b80000)
 Metaspace       used 34696K, capacity 35332K, committed 35456K, reserved 1079296K
  class space    used 4727K, capacity 4922K, committed 4992K, reserved 1048576K
Event: 8.923 GC heap after
Heap after GC invocations=8 (full 1):
 PSYoungGen      total 112640K, used 10226K [0x00000000eab00000, 0x00000000f5f00000, 0x0000000100000000)
  eden space 102400K, 0% used [0x00000000eab00000,0x00000000eab00000,0x00000000f0f00000)
  from space 10240K, 99% used [0x00000000f0f00000,0x00000000f18fca98,0x00000000f1900000)
  to   space 13312K, 0% used [0x00000000f5200000,0x00000000f5200000,0x00000000f5f00000)
 ParOldGen       total 60928K, used 14159K [0x00000000c0000000, 0x00000000c3b80000, 0x00000000eab00000)
  object space 60928K, 23% used [0x00000000c0000000,0x00000000c0dd3fe8,0x00000000c3b80000)
 Metaspace       used 34696K, capacity 35332K, committed 35456K, reserved 1079296K
  class space    used 4727K, capacity 4922K, committed 4992K, reserved 1048576K
}
Event: 8.923 GC heap before
{Heap before GC invocations=9 (full 2):
 PSYoungGen      total 112640K, used 10226K [0x00000000eab00000, 0x00000000f5f00000, 0x0000000100000000)
  eden space 102400K, 0% used [0x00000000eab00000,0x00000000eab00000,0x00000000f0f00000)
  from space 10240K, 99% used [0x00000000f0f00000,0x00000000f18fca98,0x00000000f1900000)
  to   space 13312K, 0% used [0x00000000f5200000,0x00000000f5200000,0x00000000f5f00000)
 ParOldGen       total 60928K, used 14159K [0x00000000c0000000, 0x00000000c3b80000, 0x00000000eab00000)
  object space 60928K, 23% used [0x00000000c0000000,0x00000000c0dd3fe8,0x00000000c3b80000)
 Metaspace       used 34696K, capacity 35332K, committed 35456K, reserved 1079296K
  class space    used 4727K, capacity 4922K, committed 4992K, reserved 1048576K
Event: 9.046 GC heap after
Heap after GC invocations=9 (full 2):
 PSYoungGen      total 112640K, used 0K [0x00000000eab00000, 0x00000000f5f00000, 0x0000000100000000)
  eden space 102400K, 0% used [0x00000000eab00000,0x00000000eab00000,0x00000000f0f00000)
  from space 10240K, 0% used [0x00000000f0f00000,0x00000000f0f00000,0x00000000f1900000)
  to   space 13312K, 0% used [0x00000000f5200000,0x00000000f5200000,0x00000000f5f00000)
 ParOldGen       total 96768K, used 21307K [0x00000000c0000000, 0x00000000c5e80000, 0x00000000eab00000)
  object space 96768K, 22% used [0x00000000c0000000,0x00000000c14cef40,0x00000000c5e80000)
 Metaspace       used 34696K, capacity 35332K, committed 35456K, reserved 1079296K
  class space    used 4727K, capacity 4922K, committed 4992K, reserved 1048576K
}

Deoptimization events (10 events):
Event: 8.681 Thread 0x000000001795e000 Uncommon trap: reason=bimorphic action=maybe_recompile pc=0x0000000002e33fc0 method=java.util.regex.Pattern$5.isSatisfiedBy(I)Z @ 16
Event: 8.681 Thread 0x000000001795e000 Uncommon trap: reason=bimorphic action=maybe_recompile pc=0x0000000002e33fc0 method=java.util.regex.Pattern$5.isSatisfiedBy(I)Z @ 16
Event: 9.054 Thread 0x000000001795e000 Uncommon trap: reason=bimorphic action=maybe_recompile pc=0x00000000030da13c method=java.util.AbstractList$Itr.next()Ljava/lang/Object; @ 14
Event: 9.055 Thread 0x000000001795e000 Uncommon trap: reason=bimorphic action=maybe_recompile pc=0x00000000030da13c method=java.util.AbstractList$Itr.next()Ljava/lang/Object; @ 14
Event: 9.069 Thread 0x000000001795e000 Uncommon trap: reason=bimorphic action=maybe_recompile pc=0x00000000030da13c method=java.util.AbstractList$Itr.next()Ljava/lang/Object; @ 14
Event: 9.087 Thread 0x000000001795e000 Uncommon trap: reason=bimorphic action=maybe_recompile pc=0x00000000030da13c method=java.util.AbstractList$Itr.next()Ljava/lang/Object; @ 14
Event: 9.161 Thread 0x000000001795e000 Uncommon trap: reason=class_check action=maybe_recompile pc=0x00000000029e49b8 method=java.io.DataInputStream.readUnsignedShort()I @ 4
Event: 9.161 Thread 0x000000001795e000 Uncommon trap: reason=class_check action=maybe_recompile pc=0x00000000029e49b8 method=java.io.DataInputStream.readUnsignedShort()I @ 4
Event: 9.161 Thread 0x000000001795e000 Uncommon trap: reason=class_check action=maybe_recompile pc=0x00000000029e49b8 method=java.io.DataInputStream.readUnsignedShort()I @ 4
Event: 9.161 Thread 0x000000001795e000 Uncommon trap: reason=class_check action=maybe_recompile pc=0x00000000029e49b8 method=java.io.DataInputStream.readUnsignedShort()I @ 4

Internal exceptions (10 events):
Event: 8.631 Thread 0x000000001795e000 Exception <a 'java/lang/ClassNotFoundException': org/gradle/api/file/FileTreeBeanInfo> (0x00000000efd3ebe0) thrown at [C:\re\workspace\8-2-build-windows-amd64-cygwin\jdk8u45\3627\hotspot\src\share\vm\classfile\systemDictionary.cpp, line 210]
Event: 8.632 Thread 0x000000001795e000 Exception <a 'java/lang/ClassNotFoundException': org/gradle/api/file/FileTreeCustomizer> (0x00000000efd5c6f0) thrown at [C:\re\workspace\8-2-build-windows-amd64-cygwin\jdk8u45\3627\hotspot\src\share\vm\classfile\systemDictionary.cpp, line 210]
Event: 8.633 Thread 0x000000001795e000 Exception <a 'java/lang/ClassNotFoundException': org/gradle/api/file/ConfigurableFileTreeBeanInfo> (0x00000000efd918a0) thrown at [C:\re\workspace\8-2-build-windows-amd64-cygwin\jdk8u45\3627\hotspot\src\share\vm\classfile\systemDictionary.cpp, line 210]
Event: 8.634 Thread 0x000000001795e000 Exception <a 'java/lang/ClassNotFoundException': org/gradle/api/file/ConfigurableFileTreeCustomizer> (0x00000000efdb3700) thrown at [C:\re\workspace\8-2-build-windows-amd64-cygwin\jdk8u45\3627\hotspot\src\share\vm\classfile\systemDictionary.cpp, line 210]
Event: 8.640 Thread 0x000000001795e000 Exception <a 'java/lang/ClassNotFoundException': org/gradle/api/file/DirectoryTreeBeanInfo> (0x00000000efde5080) thrown at [C:\re\workspace\8-2-build-windows-amd64-cygwin\jdk8u45\3627\hotspot\src\share\vm\classfile\systemDictionary.cpp, line 210]
Event: 8.640 Thread 0x000000001795e000 Exception <a 'java/lang/ClassNotFoundException': org/gradle/api/file/DirectoryTreeCustomizer> (0x00000000efe05528) thrown at [C:\re\workspace\8-2-build-windows-amd64-cygwin\jdk8u45\3627\hotspot\src\share\vm\classfile\systemDictionary.cpp, line 210]
Event: 8.642 Thread 0x000000001795e000 Exception <a 'java/lang/ClassNotFoundException': org/gradle/api/tasks/util/PatternFilterableBeanInfo> (0x00000000efe375f8) thrown at [C:\re\workspace\8-2-build-windows-amd64-cygwin\jdk8u45\3627\hotspot\src\share\vm\classfile\systemDictionary.cpp, line 210]!º‹üàN!@
Event: 8.654 Thread 0x000000001795e000 Exception <a 'java/lang/ClassNotFoundException': org/gradle/api/tasks/util/PatternFilterableCustomizer> (0x00000000efe5b970) thrown at [C:\re\workspace\8-2-build-windows-amd64-cygwin\jdk8u45\3627\hotspot\src\share\vm\classfile\systemDictionary.cpp, line 21A«/–ª!@
Event: 8.832 Thread 0x000000001795e000 Exception <a 'java/lang/ClassNotFoundException': com/sun/org/glassfish/hk2/osgiresourcelocator/ServiceLoader> (0x00000000f058dae8) thrown at [C:\re\workspace\8-2-build-windows-amd64-cygwin\jdk8u45\3627\hotspot\src\share\vm\classfile\systemDictionary.cpp, lý*uÒj®!@
Event: 8.841 Thread 0x000000001795e000 Exception <a 'java/lang/NullPointerException'> (0x00000000f05c18b0) thrown at [C:\re\workspace\8-2-build-windows-amd64-cygwin\jdk8u45\3627\hotspot\src\share\vm\interpreter\linkResolver.cpp, line 1280]

Events (10 events):
Event: 9.172 loading class com/sun/xml/internal/bind/v2/runtime/reflect/Lister$CollectionLister
Event: 9.172 loading class com/sun/xml/internal/bind/v2/runtime/reflect/Lister$CollectionLister done
Event: 9.172 loading class com/sun/xml/internal/bind/v2/ClassFactory
Event: 9.172 loading class com/sun/xml/internal/bind/v2/ClassFactory done
Event: 9.173 loading class com/sun/xml/internal/bind/v2/ClassFactory$1
Event: 9.173 loading class com/sun/xml/internal/bind/v2/ClassFactory$1 done
Event: 9.174 loading class com/sun/xml/internal/bind/v2/runtime/property/TagAndType
Event: 9.174 loading class com/sun/xml/internal/bind/v2/runtime/property/TagAndType done
Event: 9.185 loading class com/sun/xml/internal/bind/v2/runtime/reflect/TransducedAccessor$IDREFTransducedAccessorImpl
Event: 9.186 loading class com/sun/xml/internal/bind/v2/runtime/reflect/TransducedAccessor$IDREFTransducedAccessorImpl done


Dynamic libraries:
0x00007ff7dc2a0000 - 0x00007ff7dc2d7000 	C:\Program Files\Java\jdk1.8.0_45\bin\java.exe
0x00007ff93c2d0000 - 0x00007ff93c492000 	C:\WINDOWS\SYSTEM32\ntdll.dll
0x00007ff93bdf0000 - 0x00007ff93be9d000 	C:\WINDOWS\system32\KERNEL32.DLL
0x00007ff9397a0000 - 0x00007ff93997d000 	C:\WINDOWS\system32\KERNELBASE.dll
0x00007ff93aeb0000 - 0x00007ff93af56000 	C:\WINDOWS\system32\ADVAPI32.dll
0x00007ff93b7b0000 - 0x00007ff93b84d000 	C:\WINDOWS\system32\msvcrt.dll
0x00007ff93afa0000 - 0x00007ff93affb000 	C:\WINDOWS\system32\sechost.dll
0x00007ff93b560000 - 0x00007ff93b686000 	C:\WINDOWS\system32\RPCRT4.dll
0x00007ff93bbd0000 - 0x00007ff93bd1e000 	C:\WINDOWS\system32\USER32.dll
0x00007ff93b3d0000 - 0x00007ff93b555000 	C:\WINDOWS\system32\GDI32.dll
0x00007ff932820000 - 0x00007ff932a94000 	C:\WINDOWS\WinSxS\amd64_microsoft.windows.common-controls_6595b64144ccf1df_6.0.10240.16384_none_f41f7b285750ef43\COMCTL32.dll
0x00007ff93af60000 - 0x00007ff93af96000 	C:\WINDOWS\system32\IMM32.DLL
0x00007ff93ba60000 - 0x00007ff93bbbc000 	C:\WINDOWS\system32\MSCTF.dll
0x0000000051e10000 - 0x0000000051ee2000 	C:\Program Files\Java\jdk1.8.0_45\jre\bin\msvcr100.dll
0x0000000053810000 - 0x0000000054093000 	C:\Program Files\Java\jdk1.8.0_45\jre\bin\server\jvm.dll
0x00007ff93bd20000 - 0x00007ff93bd28000 	C:\WINDOWS\system32\PSAPI.DLL
0x00007ff936de0000 - 0x00007ff936e03000 	C:\WINDOWS\SYSTEM32\WINMM.dll
0x00007ff9361c0000 - 0x00007ff9361ca000 	C:\WINDOWS\SYSTEM32\VERSION.dll
0x00007ff92f4f0000 - 0x00007ff92f4f9000 	C:\WINDOWS\SYSTEM32\WSOCK32.dll
0x00007ff93b700000 - 0x00007ff93b769000 	C:\WINDOWS\system32\WS2_32.dll
0x00007ff93bbc0000 - 0x00007ff93bbc8000 	C:\WINDOWS\system32\NSI.dll
0x00007ff936db0000 - 0x00007ff936ddc000 	C:\WINDOWS\SYSTEM32\WINMMBASE.dll
0x00007ff9393b0000 - 0x00007ff9393f4000 	C:\WINDOWS\system32\cfgmgr32.dll
0x00007ff9375b0000 - 0x00007ff9375d7000 	C:\WINDOWS\SYSTEM32\DEVOBJ.dll
0x0000000053800000 - 0x000000005380f000 	C:\Program Files\Java\jdk1.8.0_45\jre\bin\verify.dll
0x00000000537d0000 - 0x00000000537f9000 	C:\Program Files\Java\jdk1.8.0_45\jre\bin\java.dll
0x00000000537b0000 - 0x00000000537c6000 	C:\Program Files\Java\jdk1.8.0_45\jre\bin\zip.dll
0x00007ff939980000 - 0x00007ff93aea3000 	C:\WINDOWS\system32\SHELL32.dll
0x00007ff938d80000 - 0x00007ff9393a9000 	C:\WINDOWS\system32\windows.storage.dll
0x00007ff93bff0000 - 0x00007ff93c26c000 	C:\WINDOWS\system32\combase.dll
0x00007ff93c270000 - 0x00007ff93c2c1000 	C:\WINDOWS\system32\shlwapi.dll
0x00007ff938d70000 - 0x00007ff938d7f000 	C:\WINDOWS\system32\kernel.appcore.dll
0x00007ff939400000 - 0x00007ff9394b3000 	C:\WINDOWS\system32\shcore.dll
0x00007ff938ce0000 - 0x00007ff938d2a000 	C:\WINDOWS\system32\powrprof.dll
0x00007ff938d50000 - 0x00007ff938d63000 	C:\WINDOWS\system32\profapi.dll
0x0000000053790000 - 0x00000000537aa000 	C:\Program Files\Java\jdk1.8.0_45\jre\bin\net.dll
0x00007ff9384e0000 - 0x00007ff93853d000 	C:\WINDOWS\system32\mswsock.dll
0x0000000053770000 - 0x0000000053781000 	C:\Program Files\Java\jdk1.8.0_45\jre\bin\nio.dll
0x00007ff9262d0000 - 0x00007ff9262e2000 	C:\Users\Mr_RexZ\.gradle\native\19\windows-amd64\native-platform.dll
0x00007ff936090000 - 0x00007ff9360c8000 	C:\WINDOWS\SYSTEM32\IPHLPAPI.DLL
0x00007ff936120000 - 0x00007ff93612b000 	C:\WINDOWS\SYSTEM32\WINNSI.DLL
0x00007ff935ac0000 - 0x00007ff935ad6000 	C:\WINDOWS\SYSTEM32\dhcpcsvc6.DLL
0x00007ff935c20000 - 0x00007ff935c3a000 	C:\WINDOWS\SYSTEM32\dhcpcsvc.DLL
0x00007ff938540000 - 0x00007ff938557000 	C:\WINDOWS\SYSTEM32\CRYPTSP.dll
0x00007ff938c10000 - 0x00007ff938c38000 	C:\WINDOWS\SYSTEM32\bcrypt.dll
0x00007ff9381d0000 - 0x00007ff938203000 	C:\WINDOWS\system32\rsaenh.dll
0x00007ff9384c0000 - 0x00007ff9384df000 	C:\WINDOWS\SYSTEM32\USERENV.dll
0x00007ff938b00000 - 0x00007ff938b6b000 	C:\WINDOWS\system32\bcryptprimitives.dll
0x00007ff9386f0000 - 0x00007ff9386fb000 	C:\WINDOWS\SYSTEM32\CRYPTBASE.dll
0x0000000053570000 - 0x000000005357d000 	C:\Program Files\Java\jdk1.8.0_45\jre\bin\management.dll
0x00007ff91e5c0000 - 0x00007ff91e74a000 	C:\WINDOWS\SYSTEM32\dbghelp.dll

VM Arguments:
jvm_args: -XX:MaxPermSize=256m -XX:+HeapDumpOnOutOfMemoryError -Xmx1024m -Dfile.encoding=windows-1252 -Duser.country=US -Duser.language=en -Duser.variant 
java_command: org.gradle.launcher.daemon.bootstrap.GradleDaemon 2.10
java_class_path (initial): B:\Program Files\Android\Android Studio\gradle\gradle-2.10\lib\gradle-launcher-2.10.jar
Launcher Type: SUN_STANDARD

Environment Variables:
PATH=C:\ProgramData\Oracle\Java\javapath;C:\Users\Mr_RexZ\algs4\java\bin;C:\Windows\system32;C:\Windows;C:\Windows\System32\Wbem;C:\Windows\System32\WindowsPowerShell\v1.0\;B:\Program Files (x86)\MySQL\MySQL Utilities\;B:\Program Files (x86)\MySQL\MySQL Utilities\Doctrine extensions for PHP\;C:\WINDOWS\system32;C:\WINDOWS;C:\WINDOWS\System32\Wbem;C:\WINDOWS\System32\WindowsPowerShell\v1.0\;C:\Program Files (x86)\NVIDIA Corporation\PhysX\Common;B:\Program Files\MATLAB\MATLAB Production Server\R2015a\runtime\win64;B:\Program Files\MATLAB\MATLAB Production Server\R2015a\bin;B:\Program Files\MATLAB\MATLAB Production Server\R2015a\polyspace\bin;C:\Program Files (x86)\sbt\\bin;C:\Program Files (x86)\Windows Live\Shared;C:\ProgramData\Oracle\Java\javapath;C:\Users\Mr_RexZ\algs4\java\bin;C:\Windows\system32;C:\Windows;C:\Windows\System32\Wbem;C:\Windows\System32\WindowsPowerShell\v1.0\;B:\Program Files (x86)\MySQL\MySQL Utilities\;B:\Program Files (x86)\MySQL\MySQL Utilities\Doctrine extensions for PHP\;C:\WINDOWS\system32;C:\WINDOWS;C:\WINDOWS\System32\Wbem;C:\WINDOWS\System32\WindowsPowerShell\v1.0\;C:\Program Files (x86)\NVIDIA Corporation\PhysX\Common;B:\Program Files\MATLAB\MATLAB Production Server\R2015a\runtime\win64;B:\Program Files\MATLAB\MATLAB Production Server\R2015a\bin;B:\Program Files\MATLAB\MATLAB Production Server\R2015a\polyspace\bin;C:\Program Files (x86)\sbt\\bin;C:\WI;B:\Users\Mr_RexZ\AppData\Local\Android\sdk\platform-tools
USERNAME=Mr_RexZ
OS=Windows_NT
PROCESSOR_IDENTIFIER=Intel64 Family 6 Model 60 Stepping 3, GenuineIntel



---------------  S Y S T E M  ---------------

OS: Windows 10.0 , 64 bit Build 10240 (10.0.10240.16384)

CPU:total 4 (4 cores per cpu, 1 threads per core) family 6 model 60 stepping 3, cmov, cx8, fxsr, mmx, sse, sse2, sse3, ssse3, sse4.1, sse4.2, popcnt, avx, avx2, aes, clmul, erms, lzcnt, tsc, tscinvbit, bmi1, bmi2

Memory: 4k page, physical 8353736k(956156k free), swap 12515184k(13988k free)

vm_info: Java HotSpot(TM) 64-Bit Server VM (25.45-b02) for windows-amd64 JRE (1.8.0_45-b15), built on Apr 30 2015 12:40:44 by "java_re" with MS VC++ 10.0 (VS2010)

time: Tue Jun 28 03:48:24 2016
elapsed time: 9 seconds (0d 0h 0m 9s)

